2026-05-18 17:34:40,666 HTTP Request: POST http://localhost:11434/v1/chat/completions "HTTP/1.1 200 OK"
2026-05-18 17:34:44,030 endpoint=/ask/stream duration=7620ms question='what is the deployment process?'
2026-05-18 17:34:56,768 HTTP Request: POST http://localhost:11434/v1/chat/completions "HTTP/1.1 200 OK"
2026-05-18 17:34:59,038 endpoint=/ask/stream duration=2398ms question='what is the deployment process?'
2026-05-18 17:37:46,209 HTTP Request: POST http://localhost:11434/v1/chat/completions "HTTP/1.1 200 OK"
2026-05-18 17:37:47,393 endpoint=/ask/stream duration=1870ms question='hey'
2026-05-18 17:37:57,606 HTTP Request: POST http://localhost:11434/v1/chat/completions "HTTP/1.1 200 OK"
2026-05-18 17:37:59,934 endpoint=/ask/stream duration=2629ms question='yes bitbucekt'
2026-05-18 17:39:06,067 HTTP Request: POST http://localhost:11434/v1/chat/completions "HTTP/1.1 200 OK"
2026-05-18 17:39:09,074 endpoint=/ask/stream duration=3531ms question='"Tools We Use"'
2026-05-18 17:39:24,957 HTTP Request: POST http://localhost:11434/v1/chat/completions "HTTP/1.1 200 OK"
2026-05-18 17:39:24,969 endpoint=/agent duration=1012ms command=None question='hey'
2026-05-18 17:39:43,028 HTTP Request: POST http://localhost:11434/v1/chat/completions "HTTP/1.1 200 OK"
2026-05-18 17:40:36,128 HTTP Request: POST http://localhost:11434/v1/chat/completions "HTTP/1.1 200 OK"
2026-05-18 17:40:36,138 endpoint=/agent duration=3246ms command=None question='what can you do'
2026-05-18 17:43:43,940 HTTP Request: POST http://localhost:11434/v1/chat/completions "HTTP/1.1 200 OK"
2026-05-18 17:43:49,717 HTTP Request: POST http://localhost:11434/v1/chat/completions "HTTP/1.1 200 OK"
2026-05-18 17:43:49,719 endpoint=/agent duration=8647ms command='df -h' question='how much disk space do I have?'
2026-05-18 17:44:00,887 HTTP Request: POST http://localhost:11434/v1/chat/completions "HTTP/1.1 200 OK"
2026-05-18 17:44:03,787 endpoint=/ask/stream duration=5064ms question='how much disk space do I have?'
2026-05-19 16:27:12,933 HTTP Request: POST http://localhost:11434/v1/chat/completions "HTTP/1.1 200 OK"
2026-05-19 16:27:12,947 endpoint=/ask duration=6362ms question='how do I roll back a deployment?'
2026-05-19 16:34:02,550 HTTP Request: POST http://localhost:11434/v1/chat/completions "HTTP/1.1 200 OK"
2026-05-19 16:34:02,568 endpoint=/ask duration=4959ms session=b7ac8f75-6110-4139-9673-8bf70aa0d709 question='what monitoring tool do we use?'
2026-05-19 16:34:29,441 HTTP Request: POST http://localhost:11434/v1/chat/completions "HTTP/1.1 200 OK"
2026-05-19 16:34:29,441 endpoint=/ask duration=1027ms session=b7ac8f75-6110-4139-9673-8bf70aa0d709 question='how do I set it up?'
2026-05-19 16:35:24,742 HTTP Request: POST http://localhost:11434/v1/chat/completions "HTTP/1.1 200 OK"
2026-05-19 16:35:24,744 endpoint=/ask duration=3118ms session=bc869faa-9828-437a-8dee-105acd7b7090 question='what is the deployment process?'
2026-05-19 16:35:55,111 HTTP Request: POST http://localhost:11434/v1/chat/completions "HTTP/1.1 200 OK"
2026-05-19 16:35:55,113 endpoint=/ask duration=1331ms session=bc869faa-9828-437a-8dee-105acd7b7090 question='how many approvals do I need for that?'
2026-05-19 16:37:05,583 HTTP Request: POST http://localhost:11434/v1/chat/completions "HTTP/1.1 200 OK"
2026-05-19 16:37:05,593 endpoint=/ask duration=3300ms session=e8c8ba9c-fdb1-4373-af87-447b42cc46d5 question='what is the deployment process?'
2026-05-19 16:37:17,357 HTTP Request: POST http://localhost:11434/v1/chat/completions "HTTP/1.1 200 OK"
2026-05-19 16:37:17,359 endpoint=/ask duration=1738ms session=ba839a5a-b51e-4bbf-b4c7-34240ef77954 question='how do I roll back a deployment?'
2026-05-19 16:38:10,191 HTTP Request: POST http://localhost:11434/v1/chat/completions "HTTP/1.1 200 OK"
2026-05-19 16:38:12,446 HTTP Request: POST http://localhost:11434/v1/chat/completions "HTTP/1.1 200 OK"
2026-05-19 16:38:12,447 endpoint=/ask duration=4975ms session=d6ebf11b-08ac-4067-b38e-e2d076533cb3 confidence=7 question='how do I roll back a deployment?'
2026-05-19 16:38:27,145 HTTP Request: POST http://localhost:11434/v1/chat/completions "HTTP/1.1 200 OK"
2026-05-19 16:38:31,161 HTTP Request: POST http://localhost:11434/v1/chat/completions "HTTP/1.1 200 OK"
2026-05-19 16:38:31,163 endpoint=/ask duration=15075ms session=7c836142-13ae-4472-8210-7af487fa61a6 confidence=6 question='how do I set up Kubernetes?'
